c[?7l[2J[0mSeaBIOS (version Arch Linux 1.17.0-2-2)


iPXE (http://ipxe.org) 00:03.0 C900 PCI2.10 PnP PMM+1EFD4040+1EF34040 C900
Press Ctrl-B to configure iPXE (PCI 00:03.0)...                                                                               


Booting from Hard Disk...
Boot failed: could not read the boot disk

Booting from Floppy...
Boot failed: could not read the boot disk

Booting from DVD/CD...
[0;30;47mWelcome to GRUB!

[01;01H[0m[2J[02;19HGNU GRUB  version 2:2.14rc1.r54.g29f3131a-2[04;02Hâ”Œâ”€â”€â”€â”€â”€â”€â”€â”€â”€â”€â”€â”€â”€â”€â”€â”€â”€â”€â”€â”€â”€â”€â”€â”€â”€â”€â”€â”€â”€â”€â”€â”€â”€â”€â”€â”€â”€â”€â”€â”€â”€â”€â”€â”€â”€â”€â”€â”€â”€â”€â”€â”€â”€â”€â”€â”€â”€â”€â”€â”€â”€â”€â”€â”€â”€â”€â”€â”€â”€â”€â”€â”€â”€â”€â”€â”€â”[05;02Hâ”‚[05;79Hâ”‚[06;02Hâ”‚[06;79Hâ”‚[07;02Hâ”‚[07;79Hâ”‚[08;02Hâ”‚[08;79Hâ”‚[09;02Hâ”‚[09;79Hâ”‚[10;02Hâ”‚[10;79Hâ”‚[11;02Hâ”‚[11;79Hâ”‚[12;02Hâ”‚[12;79Hâ”‚[13;02Hâ”‚[13;79Hâ”‚[13;79H[14;02Hâ”‚[14;79Hâ”‚[15;02Hâ”‚[15;79Hâ”‚[16;02Hâ”‚[16;79Hâ”‚[17;02Hâ”‚[17;79Hâ”‚[18;02Hâ””â”€â”€â”€â”€â”€â”€â”€â”€â”€â”€â”€â”€â”€â”€â”€â”€â”€â”€â”€â”€â”€â”€â”€â”€â”€â”€â”€â”€â”€â”€â”€â”€â”€â”€â”€â”€â”€â”€â”€â”€â”€â”€â”€â”€â”€â”€â”€â”€[18;50H[18;51Hâ”€â”€â”€â”€â”€â”€â”€â”€â”€â”€â”€â”€â”€â”€â”€â”€â”€â”€â”€â”€â”€â”€â”€â”€â”€â”€â”€â”€â”˜[20;02H     Use the â†‘ and â†“ keys to select which en[20;45H[20;46Htry is highlighted.          
      Press enter to boot the selected OS, `e' to edit the commands       
      before booting or `c' for a command-line.                 [22;64H[22;65H          [05;80H [05;03H[0;30;47m*Zirvium OS                                                                 [06;03H[0m Zirvium OS (Safe Mode)                                                     [07;03H                                                                            [08;03H                                                                            [09;03H  [09;04H[09;05H                                                                          [10;03H [10;03H[10;04H                                                                           [11;03H                                                                          [11;76H[11;77H  [12;03H                                                                            [13;03H            [13;14H[13;15H                                                                [14;03H                                                                            [15;03H                                                                            [16;03H                                                                            [17;03H                                                                            [17;80H 





   The highlighted entry will be executed automatically in 3s.                 [05;78H

















   The highlighted entry will be executed automatically in 2s.                 [05;78H

















   The highlighted entry will be executed automatically in 1s.           [23;73H[23;74H      [05;78H

















   The highlighted entry will be executed automatic[23;51H[23;52Hally in 0s.                 [01;01H[2J  Booting `Zirvium OS'

c[?7l[2J[0mSeaBIOS (version Arch Linux 1.17.0-2-2)


iPXE (http://ipxe.org) 00:03.0 C900 PCI2.10 PnP PMM+1EFD4040+1EF34040 C900
Press Ctrl-B to configure iPXE (PCI 00:03.0)...                                                                               


Booting from Hard Disk...
Boot failed: could not read the boot disk

Booting from Floppy...
Boot failed: could not read the boot disk

Booting from DVD/CD...
[0;30;47mWelcome to GRUB!

[01;01H[0m[2J[02;19HGNU GR[02;24H[02;25HUB  version 2:2.14rc1.r54.g29f3131a-2[04;02Hâ”Œâ”€â”€â”€â”€â”€â”€â”€â”€â”€â”€â”€â”€â”€â”€â”€â”€â”€â”€â”€â”€â”€â”€â”€â”€â”€â”€â”€â”€â”€â”€â”€â”€â”€â”€â”€â”€â”€â”€â”€â”€â”€â”€â”€â”€â”€â”€â”€â”€â”€â”€â”€â”€â”€â”€â”€â”€â”€â”€â”€â”€â”€â”€â”€â”€â”€â”€â”€â”€â”€â”€â”€â”€â”€â”€â”€â”€â”[05;02Hâ”‚[05;79Hâ”‚[06;02Hâ”‚[06;79Hâ”‚[07;02Hâ”‚[07;79Hâ”‚[08;02Hâ”‚[08;79Hâ”‚[09;02Hâ”‚[09;79Hâ”‚[10;02Hâ”‚[10;79Hâ”‚[11;02Hâ”‚[11;79Hâ”‚[12;02Hâ”‚[12;79Hâ”‚[13;02Hâ”‚[13;79Hâ”‚[14;02Hâ”‚[14;79Hâ”‚[15;02Hâ”‚[15;79Hâ”‚[16;02Hâ”‚[16;79Hâ”‚[17;02Hâ”‚[17;79Hâ”‚[18;02Hâ””â”€â”€â”€â”€â”€â”€â”€â”€â”€â”€â”€â”€â”€â”€â”€â”€â”€â”€â”€â”€â”€â”€â”€â”€â”€â”€â”€â”€â”€â”€â”€â”€â”€â”€â”€â”€â”€â”€â”€â”€â”€â”€â”€â”€â”€â”€â”€â”€â”€â”€â”€â”€â”€â”€â”€â”€â”€â”€â”€â”€â”€â”€â”€â”€â”€â”€â”€â”€â”€â”€â”€â”€â”€â”€â”€â”€â”˜[20;02H     Use the â†‘ and â†“ keys to select which entry is highlighted.          
      Press enter to boot t[21;27H[21;28Hhe selected OS, `e' to edit the commands       
      before booting or `c' for a command-line.                           [05;80H [05;03H[0;30;47m*Zirvium OS                                                                 [06;03H[0m Zirvium OS (Safe Mode)                                                     [07;03H                                                                   [07;69H[07;70H         [08;03H                                                                      [08;72H[08;73H      [09;03H                                                                            [09;78H[10;03H                                                                            [11;03H   [11;05H[11;06H                                                                         [12;03H       [12;09H[12;10H                                                                     [12;78H[13;03H                                                                            [14;03H                                                                            [15;03H                                                               [15;65H[15;66H             [16;03H                                                                            [17;03H                                                                            [17;80H 





   The highlighted entry will be executed automatically in 3s.                 [05;78H

















   The highlighted entry will be executed automatically in 2s.                 [05;78H

















   The highlighted entry will be executed automatically in 1s.                 [05;78H

















   The hi[23;09H[23;10Hghlighted entry will be executed automatically in 0s.                 [01;01H[2J  Booting `Zirvium OS'

c[?7l[2J[0mSeaBIOS (version Arch Linux 1.17.0-2-2)


iPXE (http://ipxe.org) 00:03.0 C900 PCI2.10 PnP PMM+1EFD4040+1EF34040 C900
Press Ctrl-B to configure iPXE (PCI 00:03.0)...                                                                               


Booting from Hard Disk...
Boot failed: could not read the boot disk

Booting from Floppy...
Boot failed: could not read the boot disk

Booting from DVD/CD...
[0;30;47mWelcome to GRUB!

[01;01H[0m[2J[02;19HGNU GRUB  version 2:2.1[02;41H[02;42H4rc1.r54.g29f3131a-2[04;02Hâ”Œâ”€â”€â”€â”€â”€â”€â”€â”€â”€â”€â”€â”€â”€â”€â”€â”€â”€â”€â”€â”€â”€â”€â”€â”€â”€â”€â”€â”€â”€â”€â”€â”€â”€â”€â”€â”€â”€â”€â”€â”€â”€â”€â”€â”€â”€â”€â”€â”€â”€â”€â”€â”€â”€â”€â”€â”€â”€â”€â”€â”€â”€â”€â”€â”€â”€â”€â”€â”€â”€â”€â”€â”€â”€â”€â”€â”€â”[05;02Hâ”‚[05;79Hâ”‚[06;02Hâ”‚[06;79Hâ”‚[07;02Hâ”‚[07;79Hâ”‚[08;02Hâ”‚[08;79Hâ”‚[09;02Hâ”‚[09;79Hâ”‚[10;02Hâ”‚[10;79Hâ”‚[11;02Hâ”‚[11;79Hâ”‚[12;02Hâ”‚[12;79Hâ”‚[13;02Hâ”‚[13;79Hâ”‚[14;02Hâ”‚[14;79Hâ”‚[15;02Hâ”‚[15;79Hâ”‚[16;02Hâ”‚[16;79Hâ”‚[17;02Hâ”‚[17;79Hâ”‚[18;02Hâ””â”€â”€â”€â”€â”€â”€â”€â”€â”€â”€â”€â”€â”€â”€â”€â”€[18;18H[18;19Hâ”€â”€â”€â”€â”€â”€â”€â”€â”€â”€â”€â”€â”€â”€â”€â”€â”€â”€â”€â”€â”€â”€â”€â”€â”€â”€â”€â”€â”€â”€â”€â”€â”€â”€â”€â”€â”€â”€â”€â”€â”€â”€â”€â”€â”€â”€â”€â”€â”€â”€â”€â”€â”€â”€â”€â”€â”€â”€â”€â”€â”˜[20;02H     Use the â†‘ [20;16H[20;17Hand â†“ keys to select which entry is highlighted.          
      Press enter to boot the selected OS, `e' to edit the commands       
      before booting or `c' for a comman[22;40H[22;41Hd-line.                           [05;80H [05;03H[0;30;47m*Zirvium OS                                       [05;52H[05;53H                          [06;03H[0m Zirvium OS (Safe Mode)                                      [06;63H[06;64H               [07;03H                                                                        [07;74H[07;75H    [08;03H                                                                            [09;03H [09;03H[09;04H                                                                           [10;03H     [10;07H[10;08H                                                                       [11;03H           [11;13H[11;14H                                                                 [12;03H                       [12;25H[12;26H                                                     [13;03H                                  [13;36H[13;37H                                          [14;03H                               [14;33H[14;34H                                             [15;03H                                                                            [16;03H                                                                            [17;03H                                                        [17;58H[17;59H                    [17;80H 





   The highlighted entry will be executed automatically in 3s.                 [05;78H

















   The highlighted entry will be executed automatically in 2s.                 [05;78H

















   The highlighted entry will be executed automatically in 1s.                 [05;78H

















   [23;03H[23;04HThe highlighted entry will be executed automatically in 0s.                 [01;01H[2J  Booting `Zirvium OS'

c[?7l[2J[0mSeaBIOS (version Arch Linux 1.17.0-2-2)


iPXE (http://ipxe.org) 00:03.0 C900 PCI2.10 PnP PMM+1EFD4040+1EF34040 C900
Press Ctrl-B to configure iPXE (PCI 00:03.0)...                                                                               


Booting from Hard Disk...
Boot failed: could not read the boot disk

Booting from Floppy...
Boot failed: could not read the boot disk

Booting from DVD/CD...
[0;30;47mWelcome to GRUB!

[01;01H[0m[2J[02;19HGNU GRUB  version 2:2.14rc1.r54.g29f3131a-2[04;02Hâ”Œâ”€â”€â”€â”€â”€â”€â”€â”€â”€â”€â”€â”€â”€â”€â”€â”€â”€â”€â”€â”€â”€â”€â”€â”€â”€â”€â”€â”€â”€â”€â”€â”€â”€â”€â”€â”€â”€â”€â”€â”€â”€â”€â”€â”€â”€â”€â”€â”€â”€â”€â”€â”€â”€â”€â”€â”€â”€â”€â”€â”€â”€â”€â”€â”€â”€â”€â”€â”€â”€â”€â”€â”€â”€â”€â”€â”€â”[05;02Hâ”‚[05;79Hâ”‚[06;02Hâ”‚[06;79Hâ”‚[07;02Hâ”‚[07;79Hâ”‚[08;02Hâ”‚[08;79Hâ”‚[09;02Hâ”‚[09;79Hâ”‚[10;02Hâ”‚[10;79Hâ”‚[11;02Hâ”‚[11;79Hâ”‚[12;02Hâ”‚[12;79Hâ”‚[13;02Hâ”‚[13;79Hâ”‚[14;02Hâ”‚[14;79Hâ”‚[15;02Hâ”‚[15;79Hâ”‚[16;02Hâ”‚[16;79Hâ”‚[17;02Hâ”‚[17;79Hâ”‚[18;02Hâ””â”€â”€â”€â”€â”€â”€â”€â”€â”€â”€â”€â”€â”€â”€â”€â”€â”€â”€â”€â”€â”€â”€â”€â”€â”€â”€â”€â”€â”€â”€â”€â”€â”€â”€â”€â”€â”€â”€â”€â”€â”€â”€â”€â”€â”€â”€â”€â”€â”€â”€â”€â”€â”€â”€â”€â”€â”€â”€â”€â”€â”€â”€â”€â”€â”€â”€â”€â”€â”€â”€â”€â”€â”€â”€â”€â”€â”˜[20;02H     Use th[20;12H[20;13He â†‘ and â†“ keys to select which entry is highlighted.          
      Press enter to boot the selected OS, `e' to edit the commands       
      before booting or `c' for a command-line.                           [05;80H [05;03H[0;30;47m*Zirvium OS                                                                 [06;03H[0m Zirvium OS (Safe Mode)[06;25H[06;26H                                                     [07;03H                                                                            [08;03H                      [08;24H[08;25H                                                      [09;03H                                                                            [10;03H                               [10;33H[10;34H                                             [11;03H                                         [11;43H[11;44H                                   [12;03H                                                                            [13;03H                                 [13;35H[13;36H                                           [14;03H                                    [14;38H[14;39H                                        [15;03H                                          [15;44H[15;45H                                  [16;03H                                                                            [17;03H                                                                            [17;80H 





   The highlighted entry will be executed automatically in 3s.                 [05;78H

















   The highlighted entry will be executed automatically in 2s.                 [05;78H

















   The highlighted entry will be executed automatically in 1s.                 [05;78H

















   The highlighted entry will be executed automatically in 0s.        [23;70H[23;71H         [01;01H[2J  Booting `Zirvium OS'

c[?7l[2J[0mSeaBIOS (version Arch Linux 1.17.0-2-2)


iPXE (http://ipxe.org) 00:03.0 C900 PCI2.10 PnP PMM+1EFD4040+1EF34040 C900
Press Ctrl-B to configure iPXE (PCI 00:03.0)...                                                                               


Booting from Hard Disk...
Boot failed: could not read the boot disk

Booting from Floppy...
Boot failed: could not read the boot disk

Booting from DVD/CD...
[0;30;47mWelcome to GRUB!

[01;01H[0m[2J[02;19HGNU GRUB  version 2:2.14rc1.r54.g29f3131a-2[04;02Hâ”Œâ”€â”€â”€â”€â”€â”€â”€â”€â”€â”€â”€â”€â”€â”€â”€â”€â”€â”€â”€â”€â”€â”€â”€â”€â”€â”€â”€â”€â”€â”€â”€â”€â”€â”€â”€â”€â”€â”€â”€â”€â”€â”€â”€â”€â”€â”€â”€â”€â”€â”€â”€â”€â”€â”€â”€â”€â”€â”€â”€â”€â”€â”€â”€â”€â”€â”€â”€â”€â”€â”€â”€â”€â”€â”€â”€â”€â”[05;02Hâ”‚[05;79Hâ”‚[06;02Hâ”‚[06;79Hâ”‚[07;02Hâ”‚[07;79Hâ”‚[08;02Hâ”‚[08;79Hâ”‚[09;02Hâ”‚[09;79Hâ”‚[10;02Hâ”‚[10;79Hâ”‚[11;02Hâ”‚[11;79Hâ”‚[12;02Hâ”‚[12;79Hâ”‚[13;02Hâ”‚[13;79Hâ”‚[14;02Hâ”‚[14;79Hâ”‚[15;02Hâ”‚[15;79Hâ”‚[16;02Hâ”‚[16;79Hâ”‚[17;02Hâ”‚[17;79Hâ”‚[18;02Hâ””â”€â”€â”€â”€â”€â”€â”€â”€â”€â”€â”€â”€â”€â”€â”€â”€â”€â”€â”€â”€â”€â”€â”€â”€â”€â”€â”€â”€â”€â”€â”€â”€â”€â”€â”€â”€â”€â”€â”€â”€â”€â”€â”€â”€â”€â”€â”€â”€â”€â”€â”€â”€â”€â”€â”€â”€â”€â”€â”€â”€â”€â”€â”€â”€â”€â”€â”€â”€â”€â”€â”€â”€â”€â”€â”€â”€â”˜[20;02H     Use the â†‘ and â†“ keys to select which ent[20;46H[20;47Hry is highlighted.          
      Press enter to boot the selected OS, `e' to edit the commands       
      before booting or `c' for a command-line.                           [05;80H [05;03H[0;30;47m*Zirvium OS                                                                 [06;03H[0m Zirvium OS (Safe Mode)                                                     [07;03H                                                                            [08;03H                                                                            [09;03H                                                                            [10;03H                                                                            [11;03H                                                                            [12;03H                                                                            [13;03H                                                                 [13;67H[13;68H           [14;03H                                                                            [15;03H                                                             [15;63H[15;64H               [16;03H                                                                            [17;03H                                                                          [17;76H[17;77H  [17;80H 





   The highlighted entry will be executed automatically in 3s.                 [05;78H

















   The highlighted entry will be executed automatically in 2s.                 [05;78H

















   The highlighted entry will be executed automatically in 1s.                 [05;78H

















   The highligh[23;15H[23;16Hted entry will be executed automatically in 0s.                 [01;01H[2J  Booting `Zirvium OS'

c[?7l[2J[0mSeaBIOS (version Arch Linux 1.17.0-2-2)


iPXE (http://ipxe.org) 00:03.0 C900 PCI2.10 PnP PMM+1EFD4040+1EF34040 C900
Press Ctrl-B to configure iPXE (PCI 00:03.0)...                                                                               


Booting from Hard Disk...
Boot failed: could not read the boot disk

Booting from Floppy...
Boot failed: could not read the boot disk

Booting from DVD/CD...
[0;30;47mWelcome to GRUB!

[01;01H[0m[2J[02;19HGNU GRUB [02;27H[02;28H version 2:2.14rc1.r54.g29f3131a-2[04;02Hâ”Œâ”€â”€â”€â”€â”€â”€â”€â”€â”€â”€â”€â”€â”€â”€â”€â”€â”€â”€â”€â”€â”€â”€â”€â”€â”€â”€â”€â”€â”€â”€â”€â”€â”€â”€â”€â”€â”€â”€â”€â”€â”€â”€â”€â”€â”€â”€â”€â”€â”€â”€â”€â”€â”€â”€â”€â”€â”€â”€â”€â”€â”€â”€â”€â”€â”€â”€â”€â”€â”€â”€â”€â”€â”€â”€â”€â”€â”[05;02Hâ”‚[05;79Hâ”‚[06;02Hâ”‚[06;79Hâ”‚[07;02Hâ”‚[07;79Hâ”‚[08;02Hâ”‚[08;79Hâ”‚[09;02Hâ”‚[09;79Hâ”‚[10;02Hâ”‚[10;79Hâ”‚[11;02Hâ”‚[11;79Hâ”‚[12;02Hâ”‚[12;79Hâ”‚[13;02Hâ”‚[13;79Hâ”‚[14;02Hâ”‚[14;79Hâ”‚[15;02Hâ”‚[15;79Hâ”‚[16;02Hâ”‚[16;79Hâ”‚[17;02Hâ”‚[17;79Hâ”‚[18;02Hâ””â”€â”€â”€â”€â”€â”€â”€â”€â”€â”€â”€â”€â”€â”€â”€â”€â”€â”€â”€â”€â”€â”€â”€â”€â”€â”€â”€â”€â”€â”€â”€â”€â”€â”€â”€â”€â”€â”€â”€â”€â”€â”€â”€â”€â”€â”€â”€â”€â”€â”€â”€â”€â”€â”€â”€â”€â”€â”€â”€â”€â”€â”€â”€â”€â”€â”€â”€â”€â”€â”€â”€â”€â”€â”€â”€â”€â”˜[20;02H     Use the â†‘ and â†“ keys to select which entry is highlighted.          
      Press enter to boot the selected OS, `e' to edit the commands       
      before booting or `c' for a command-line.                           [05;80H [05;03H[0;30;47m*Zirvium OS                                                                 [06;03H[0m Zirvium OS (Safe Mode)                                                     [07;03H                                                                            [08;03H                                           [08;45H[08;46H                                 [09;03H                                                   [09;53H[09;54H                         [10;03H                                                                            [11;03H                                                                            [12;03H                                                                            [13;03H                                                                            [14;03H                                                                  [14;68H[14;69H          [15;03H                                                                       [15;73H[15;74H     [16;03H                                                                      [16;72H[16;73H      [17;03H                                                                   [17;69H[17;70H         [17;80H 





   The highlighted entry will be executed automatically in 3s.     [23;67H[23;68H            [05;78H

















   The highlighted entry will be executed automatica[23;52H[23;53Hlly in 2s.                 [05;78H

















   The highlighted entry will be executed automatically in 1s.                 [05;78H

















   The highlighted entry will be executed automatically in 0s.                 [01;01H[2J  Booting `Zirvium OS'

c[?7l[2J[0mSeaBIOS (version Arch Linux 1.17.0-2-2)


iPXE (http://ipxe.org) 00:03.0 C900 PCI2.10 PnP PMM+1EFD4040+1EF34040 C900
Press Ctrl-B to configure iPXE (PCI 00:03.0)...                                                                               


Booting from Hard Disk...
Boot failed: could not read the boot disk

Booting from Floppy...
Boot failed: could not read the boot disk

Booting from DVD/CD...
[0;30;47mWelcome to GRUB!

[01;01H[0m[2J[02;19HGNU GRUB  v[02;29H[02;30Hersion 2:2.14rc1.r54.g29f3131a-2[04;02Hâ”Œâ”€â”€â”€â”€â”€â”€â”€â”€â”€â”€â”€â”€â”€â”€â”€â”€â”€â”€â”€â”€â”€â”€â”€â”€â”€â”€â”€â”€â”€â”€â”€â”€â”€â”€â”€â”€â”€â”€â”€â”€â”€â”€â”€â”€â”€â”€â”€â”€â”€â”€â”€â”€â”€â”€â”€â”€â”€â”€â”€â”€â”€â”€â”€â”€â”€â”€â”€â”€â”€â”€â”€â”€â”€â”€â”€â”€â”[05;02Hâ”‚[05;79Hâ”‚[06;02Hâ”‚[06;79Hâ”‚[07;02Hâ”‚[07;79Hâ”‚[08;02Hâ”‚[08;79Hâ”‚[09;02Hâ”‚[09;79Hâ”‚[10;02Hâ”‚[10;79Hâ”‚[11;02Hâ”‚[11;79Hâ”‚[12;02Hâ”‚[12;79Hâ”‚[13;02Hâ”‚[13;79Hâ”‚[14;02Hâ”‚[14;79Hâ”‚[15;02Hâ”‚[15;79Hâ”‚[16;02Hâ”‚[16;79Hâ”‚[17;02Hâ”‚[17;79Hâ”‚[18;02Hâ””â”€â”€â”€â”€â”€â”€â”€â”€[18;10H[18;11Hâ”€â”€â”€â”€â”€â”€â”€â”€â”€â”€â”€â”€â”€â”€â”€â”€â”€â”€â”€â”€â”€â”€â”€â”€â”€â”€â”€â”€â”€â”€â”€â”€â”€â”€â”€â”€â”€â”€â”€â”€â”€â”€â”€â”€â”€â”€â”€â”€â”€â”€â”€â”€â”€â”€â”€â”€â”€â”€â”€â”€â”€â”€â”€â”€â”€â”€â”€â”€â”˜[20;02H     Us[20;08H[20;09He the â†‘ and â†“ keys to select which entry is highlighted.          
      Press enter [21;18H[21;19Hto boot the selected OS, `e' to edit the commands       
      before booting or `c' fo[22;30H[22;31Hr a command-line.                           [05;80H [05;03H[0;30;47m*Zirvium OS                  [05;31H[05;32H                                               [06;03H[0m Zirvium OS (Safe Mode)                                                     [07;03H                         [07;27H[07;28H                                                   [08;03H                             [08;31H[08;32H                                               [09;03H                                                                            [10;03H                                                                            [11;03H                                                                            [12;03H                                      [12;40H[12;41H                                      [13;03H                                                                            [14;03H                                                     [14;55H[14;56H                       [15;03H                                                                            [16;03H                                                                            [17;03H                                                                            [17;80H 





   The highlighted entry will be executed automatically in 3s.                 [05;78H

















   The highlighted entry will be executed automatically in 2s.                 [05;78H